<?xml version="1.0" encoding="UTF-8"?>
<!-- Generated by org.testng.reporters.JUnitReportReporter -->
<testsuite hostname="Dharunkumar-8KGT203" failures="0" tests="1" name="com.test.ABC" time="0.033" errors="0" timestamp="2023-03-07T16:13:12 IST" skipped="0">
  <testcase classname="com.test.ABC" name="test" time="0.033"/>
  <system-out/>
</testsuite> <!-- com.test.ABC -->
